<?xml version="1.0" encoding="UTF-8" ?>
<testsuite tests="12" failures="0" name="com.basic.dataTableSD.RunDataTableTest" time="14.686" errors="0" skipped="0">
  <properties>
[...]
</properties>
  <testcase classname="Validate firstName field" name="User needs to open a register page" time="5.766"/>
  <testcase classname="Validate firstName field" name="User needs enters user &quot;Salin&quot; firstname" time="0.444"/>
  <testcase classname="Validate firstName field" name="User checks user &quot;Salin&quot; firstname is present" time="0.037"/>
  <testcase classname="Validate firstName field" name="close browser" time="0.183"/>
  <testcase classname="Validate firstName field" name="Validate firstName field" time="0.185"/>
  <testcase classname="Validate multiple values" name="User needs to open a register page" time="5.192"/>
  <testcase classname="Validate multiple values" name="Enter following data" time="2.462"/>
  <testcase classname="Validate multiple values" name="User checks user &quot;Salin&quot; firstname is present" time="0.025"/>
  <testcase classname="Validate multiple values" name="User checks user &quot;Dalabehera&quot; surname is present" time="0.028"/>
  <testcase classname="Validate multiple values" name="User mobile field should be blank" time="0.032"/>
  <testcase classname="Validate multiple values" name="close browser" time="0.165"/>
  <testcase classname="Validate multiple values" name="Validate multiple values" time="0.167"/>
</testsuite>